csts.js:37 creating function call to /Test
csts.js:38 ƒ (){ console.log('in here'); $('#main-center-col').html('this is a test') }
csts.js:34 Created router for /Home
Home.js:5 executing Home@index
VM21231:9 jQuery.fn.init [div#tree.ui-widget.ui-widget-content.daredevel-tree]
VM21231:34 [{"OU":"Centrify","Path":"LDAP://OU=Centrify,DC=rdte,DC=nswc,DC=navy,DC=mil","Name":"Centrify","DN":"OU=Centrify,DC=rdte,DC=nswc,DC=navy,DC=mil"},{"OU":"Domain Controllers","Path":"LDAP://OU=Domain Controllers,DC=rdte,DC=nswc,DC=navy,DC=mil","Name":"Domain Controllers","DN":"OU=Domain Controllers,DC=rdte,DC=nswc,DC=navy,DC=mil"},{"OU":"Groups","Path":"LDAP://OU=Groups,DC=rdte,DC=nswc,DC=navy,DC=mil","Name":"Groups","DN":"OU=Groups,DC=rdte,DC=nswc,DC=navy,DC=mil"},{"OU":"INTERNAL","Path":"LDAP://OU=INTERNAL,DC=rdte,DC=nswc,DC=navy,DC=mil","Name":"INTERNAL","DN":"OU=INTERNAL,DC=rdte,DC=nswc,DC=navy,DC=mil"},{"OU":"Org - B","Path":"LDAP://OU=Org - B,DC=rdte,DC=nswc,DC=navy,DC=mil","Name":"Org - B","DN":"OU=Org - B,DC=rdte,DC=nswc,DC=navy,DC=mil"},{"OU":"Org - CD1TP","Path":"LDAP://OU=Org - CD1TP,DC=rdte,DC=nswc,DC=navy,DC=mil","Name":"Org - CD1TP","DN":"OU=Org - CD1TP,DC=rdte,DC=nswc,DC=navy,DC=mil"},{"OU":"Org - CXA","Path":"LDAP://OU=Org - CXA,DC=rdte,DC=nswc,DC=navy,DC=mil","Name":"Org - CXA","DN":"OU=Org - CXA,DC=rdte,DC=nswc,DC=navy,DC=mil"},{"OU":"Org - CXS","Path":"LDAP://OU=Org - CXS,DC=rdte,DC=nswc,DC=navy,DC=mil","Name":"Org - CXS","DN":"OU=Org - CXS,DC=rdte,DC=nswc,DC=navy,DC=mil"},{"OU":"Org - G","Path":"LDAP://OU=Org - G,DC=rdte,DC=nswc,DC=navy,DC=mil","Name":"Org - G","DN":"OU=Org - G,DC=rdte,DC=nswc,DC=navy,DC=mil"},{"OU":"Org - K91","Path":"LDAP://OU=Org - K91,DC=rdte,DC=nswc,DC=navy,DC=mil","Name":"Org - K91","DN":"OU=Org - K91,DC=rdte,DC=nswc,DC=navy,DC=mil"},{"OU":"Org - K93","Path":"LDAP://OU=Org - K93,DC=rdte,DC=nswc,DC=navy,DC=mil","Name":"Org - K93","DN":"OU=Org - K93,DC=rdte,DC=nswc,DC=navy,DC=mil"},{"OU":"Org - K94","Path":"LDAP://OU=Org - K94,DC=rdte,DC=nswc,DC=navy,DC=mil","Name":"Org - K94","DN":"OU=Org - K94,DC=rdte,DC=nswc,DC=navy,DC=mil"},{"OU":"Org - SEAP","Path":"LDAP://OU=Org - SEAP,DC=rdte,DC=nswc,DC=navy,DC=mil","Name":"Org - SEAP","DN":"OU=Org - SEAP,DC=rdte,DC=nswc,DC=navy,DC=mil"},{"OU":"Org - W","Path":"LDAP://OU=Org - W,DC=rdte,DC=nswc,DC=navy,DC=mil","Name":"Org - W","DN":"OU=Org - W,DC=rdte,DC=nswc,DC=navy,DC=mil"},{"OU":"Org - Z","Path":"LDAP://OU=Org - Z,DC=rdte,DC=nswc,DC=navy,DC=mil","Name":"Org - Z","DN":"OU=Org - Z,DC=rdte,DC=nswc,DC=navy,DC=mil"},{"OU":"Org - Z10","Path":"LDAP://OU=Org - Z10,DC=rdte,DC=nswc,DC=navy,DC=mil","Name":"Org - Z10","DN":"OU=Org - Z10,DC=rdte,DC=nswc,DC=navy,DC=mil"},{"OU":"Org - Z20","Path":"LDAP://OU=Org - Z20,DC=rdte,DC=nswc,DC=navy,DC=mil","Name":"Org - Z20","DN":"OU=Org - Z20,DC=rdte,DC=nswc,DC=navy,DC=mil"},{"OU":"Org - Z30","Path":"LDAP://OU=Org - Z30,DC=rdte,DC=nswc,DC=navy,DC=mil","Name":"Org - Z30","DN":"OU=Org - Z30,DC=rdte,DC=nswc,DC=navy,DC=mil"},{"OU":"Org-10","Path":"LDAP://OU=Org-10,DC=rdte,DC=nswc,DC=navy,DC=mil","Name":"Org-10","DN":"OU=Org-10,DC=rdte,DC=nswc,DC=navy,DC=mil"},{"OU":"Org-A","Path":"LDAP://OU=Org-A,DC=rdte,DC=nswc,DC=navy,DC=mil","Name":"Org-A","DN":"OU=Org-A,DC=rdte,DC=nswc,DC=navy,DC=mil"},{"OU":"Org-B","Path":"LDAP://OU=Org-B,DC=rdte,DC=nswc,DC=navy,DC=mil","Name":"Org-B","DN":"OU=Org-B,DC=rdte,DC=nswc,DC=navy,DC=mil"},{"OU":"Org-E","Path":"LDAP://OU=Org-E,DC=rdte,DC=nswc,DC=navy,DC=mil","Name":"Org-E","DN":"OU=Org-E,DC=rdte,DC=nswc,DC=navy,DC=mil"},{"OU":"Org-H","Path":"LDAP://OU=Org-H,DC=rdte,DC=nswc,DC=navy,DC=mil","Name":"Org-H","DN":"OU=Org-H,DC=rdte,DC=nswc,DC=navy,DC=mil"},{"OU":"Org-R","Path":"LDAP://OU=Org-R,DC=rdte,DC=nswc,DC=navy,DC=mil","Name":"Org-R","DN":"OU=Org-R,DC=rdte,DC=nswc,DC=navy,DC=mil"},{"OU":"Org-V","Path":"LDAP://OU=Org-V,DC=rdte,DC=nswc,DC=navy,DC=mil","Name":"Org-V","DN":"OU=Org-V,DC=rdte,DC=nswc,DC=navy,DC=mil"},{"OU":"SAN Infrastructure","Path":"LDAP://OU=SAN Infrastructure,DC=rdte,DC=nswc,DC=navy,DC=mil","Name":"SAN Infrastructure","DN":"OU=SAN Infrastructure,DC=rdte,DC=nswc,DC=navy,DC=mil"}]

VM21231:38 {OU: "Centrify", Path: "LDAP://OU=Centrify,DC=rdte,DC=nswc,DC=navy,DC=mil", Name: "Centrify", DN: "OU=Centrify,DC=rdte,DC=nswc,DC=navy,DC=mil"}
VM21231:38 {OU: "Domain Controllers", Path: "LDAP://OU=Domain Controllers,DC=rdte,DC=nswc,DC=navy,DC=mil", Name: "Domain Controllers", DN: "OU=Domain Controllers,DC=rdte,DC=nswc,DC=navy,DC=mil"}
VM21231:38 {OU: "Groups", Path: "LDAP://OU=Groups,DC=rdte,DC=nswc,DC=navy,DC=mil", Name: "Groups", DN: "OU=Groups,DC=rdte,DC=nswc,DC=navy,DC=mil"}
VM21231:38 {OU: "INTERNAL", Path: "LDAP://OU=INTERNAL,DC=rdte,DC=nswc,DC=navy,DC=mil", Name: "INTERNAL", DN: "OU=INTERNAL,DC=rdte,DC=nswc,DC=navy,DC=mil"}
VM21231:38 {OU: "Org - B", Path: "LDAP://OU=Org - B,DC=rdte,DC=nswc,DC=navy,DC=mil", Name: "Org - B", DN: "OU=Org - B,DC=rdte,DC=nswc,DC=navy,DC=mil"}
VM21231:38 {OU: "Org - CD1TP", Path: "LDAP://OU=Org - CD1TP,DC=rdte,DC=nswc,DC=navy,DC=mil", Name: "Org - CD1TP", DN: "OU=Org - CD1TP,DC=rdte,DC=nswc,DC=navy,DC=mil"}DN: "OU=Org - CD1TP,DC=rdte,DC=nswc,DC=navy,DC=mil"Name: "Org - CD1TP"OU: "Org - CD1TP"Path: "LDAP://OU=Org - CD1TP,DC=rdte,DC=nswc,DC=navy,DC=mil"__proto__: Object
VM21231:38 {OU: "Org - CXA", Path: "LDAP://OU=Org - CXA,DC=rdte,DC=nswc,DC=navy,DC=mil", Name: "Org - CXA", DN: "OU=Org - CXA,DC=rdte,DC=nswc,DC=navy,DC=mil"}
VM21231:38 {OU: "Org - CXS", Path: "LDAP://OU=Org - CXS,DC=rdte,DC=nswc,DC=navy,DC=mil", Name: "Org - CXS", DN: "OU=Org - CXS,DC=rdte,DC=nswc,DC=navy,DC=mil"}
VM21231:38 {OU: "Org - G", Path: "LDAP://OU=Org - G,DC=rdte,DC=nswc,DC=navy,DC=mil", Name: "Org - G", DN: "OU=Org - G,DC=rdte,DC=nswc,DC=navy,DC=mil"}
VM21231:38 {OU: "Org - K91", Path: "LDAP://OU=Org - K91,DC=rdte,DC=nswc,DC=navy,DC=mil", Name: "Org - K91", DN: "OU=Org - K91,DC=rdte,DC=nswc,DC=navy,DC=mil"}
VM21231:38 {OU: "Org - K93", Path: "LDAP://OU=Org - K93,DC=rdte,DC=nswc,DC=navy,DC=mil", Name: "Org - K93", DN: "OU=Org - K93,DC=rdte,DC=nswc,DC=navy,DC=mil"}
VM21231:38 {OU: "Org - K94", Path: "LDAP://OU=Org - K94,DC=rdte,DC=nswc,DC=navy,DC=mil", Name: "Org - K94", DN: "OU=Org - K94,DC=rdte,DC=nswc,DC=navy,DC=mil"}
VM21231:38 {OU: "Org - SEAP", Path: "LDAP://OU=Org - SEAP,DC=rdte,DC=nswc,DC=navy,DC=mil", Name: "Org - SEAP", DN: "OU=Org - SEAP,DC=rdte,DC=nswc,DC=navy,DC=mil"}
VM21231:38 {OU: "Org - W", Path: "LDAP://OU=Org - W,DC=rdte,DC=nswc,DC=navy,DC=mil", Name: "Org - W", DN: "OU=Org - W,DC=rdte,DC=nswc,DC=navy,DC=mil"}
VM21231:38 {OU: "Org - Z", Path: "LDAP://OU=Org - Z,DC=rdte,DC=nswc,DC=navy,DC=mil", Name: "Org - Z", DN: "OU=Org - Z,DC=rdte,DC=nswc,DC=navy,DC=mil"}
VM21231:38 {OU: "Org - Z10", Path: "LDAP://OU=Org - Z10,DC=rdte,DC=nswc,DC=navy,DC=mil", Name: "Org - Z10", DN: "OU=Org - Z10,DC=rdte,DC=nswc,DC=navy,DC=mil"}
VM21231:38 {OU: "Org - Z20", Path: "LDAP://OU=Org - Z20,DC=rdte,DC=nswc,DC=navy,DC=mil", Name: "Org - Z20", DN: "OU=Org - Z20,DC=rdte,DC=nswc,DC=navy,DC=mil"}
VM21231:38 {OU: "Org - Z30", Path: "LDAP://OU=Org - Z30,DC=rdte,DC=nswc,DC=navy,DC=mil", Name: "Org - Z30", DN: "OU=Org - Z30,DC=rdte,DC=nswc,DC=navy,DC=mil"}
VM21231:38 {OU: "Org-10", Path: "LDAP://OU=Org-10,DC=rdte,DC=nswc,DC=navy,DC=mil", Name: "Org-10", DN: "OU=Org-10,DC=rdte,DC=nswc,DC=navy,DC=mil"}
VM21231:38 {OU: "Org-A", Path: "LDAP://OU=Org-A,DC=rdte,DC=nswc,DC=navy,DC=mil", Name: "Org-A", DN: "OU=Org-A,DC=rdte,DC=nswc,DC=navy,DC=mil"}
VM21231:38 {OU: "Org-B", Path: "LDAP://OU=Org-B,DC=rdte,DC=nswc,DC=navy,DC=mil", Name: "Org-B", DN: "OU=Org-B,DC=rdte,DC=nswc,DC=navy,DC=mil"}
VM21231:38 {OU: "Org-E", Path: "LDAP://OU=Org-E,DC=rdte,DC=nswc,DC=navy,DC=mil", Name: "Org-E", DN: "OU=Org-E,DC=rdte,DC=nswc,DC=navy,DC=mil"}
VM21231:38 {OU: "Org-H", Path: "LDAP://OU=Org-H,DC=rdte,DC=nswc,DC=navy,DC=mil", Name: "Org-H", DN: "OU=Org-H,DC=rdte,DC=nswc,DC=navy,DC=mil"}
VM21231:38 {OU: "Org-R", Path: "LDAP://OU=Org-R,DC=rdte,DC=nswc,DC=navy,DC=mil", Name: "Org-R", DN: "OU=Org-R,DC=rdte,DC=nswc,DC=navy,DC=mil"}
VM21231:38 {OU: "Org-V", Path: "LDAP://OU=Org-V,DC=rdte,DC=nswc,DC=navy,DC=mil", Name: "Org-V", DN: "OU=Org-V,DC=rdte,DC=nswc,DC=navy,DC=mil"}
VM21231:38 {OU: "SAN Infrastructure", Path: "LDAP://OU=SAN Infrastructure,DC=rdte,DC=nswc,DC=navy,DC=mil", Name: "SAN Infrastructure", DN: "OU=SAN Infrastructure,DC=rdte,DC=nswc,DC=navy,DC=mil"}
